CD81
0 0
0.14547 2.83659e-06
0.16315 3.5643e-06
0.419999 2.32725e-05
0.441192 2.56492e-05
0.721478 6.74619e-05
0.778994 7.83763e-05
0.939062 0.000112803
0.990747 0.000125165
1 0.000127443
1.63885 0.000329085
2.19606 0.000570664
3.03396 0.00103323
4.14187 0.0017961
SRB1
0 1.65169e-05
0.0674682 2.60697e-05
0.171765 4.11279e-05
0.227697 4.90259e-05
0.314196 6.07368e-05
0.407702 7.2556e-05
0.519565 8.5464e-05
0.669169 0.000100709
0.718608 0.000105269
0.818987 0.000113881
0.86805 0.000117799
0.9271 0.000122261
0.954902 0.000124285
0.974957 0.000125705
1 0.000127443
1.91476 0.000170726
2.46119 0.00018539
3.97927 0.000208391
